Touched .hamonitor.sh.swp on Tue Aug 17 16:13:26 BST 2021
Touched .hamonitor.sh.swp on Tue Aug 17 16:13:59 BST 2021
Touched downhosts.with.names on Tue Aug 17 16:14:04 BST 2021
Copied mama.properties into /tmp/ on Tue Aug 17 16:14:08 BST 2021
Copied mamacache.xml into /tmp/ on Tue Aug 17 16:14:11 BST 2021
Copied mamacache_abm_conf.xml into /tmp/ on Tue Aug 17 16:14:15 BST 2021
Copied mamacache_abm_prod.xml into /tmp/ on Tue Aug 17 16:14:17 BST 2021
Touched mamacache_batsy.xml on Tue Aug 17 16:14:18 BST 2021
Copied morningcheck into /tmp/ on Tue Aug 17 16:14:19 BST 2021
Touched proc.conf.ny2 on Tue Aug 17 16:14:20 BST 2021
Copied rn4.tar.gz into /tmp/ on Tue Aug 17 16:14:21 BST 2021
Touched .hamonitor.sh.swp on Tue Aug 17 16:21:24 BST 2021
Touched downhosts.with.names on Tue Aug 17 16:21:26 BST 2021
Touched mama.properties on Tue Aug 17 16:21:27 BST 2021
Touched mamacache.xml on Tue Aug 17 16:21:27 BST 2021
Touched mamacache_abm_conf.xml on Tue Aug 17 16:21:28 BST 2021
Touched mamacache_abm_prod.xml on Tue Aug 17 16:21:28 BST 2021
Touched mamacache_batsy.xml on Tue Aug 17 16:21:29 BST 2021
Touched .hamonitor.sh.swp on Tue Aug 17 16:22:15 BST 2021
Touched downhosts.with.names on Tue Aug 17 16:22:17 BST 2021
Touched mama.properties on Tue Aug 17 16:22:18 BST 2021
Touched mamacache.xml on Tue Aug 17 16:22:19 BST 2021
Touched mamacache_abm_conf.xml on Tue Aug 17 16:22:20 BST 2021
Copied mamacache_abm_prod.xml into /tmp/ on Tue Aug 17 16:22:33 BST 2021
Copied mamacache_batsy.xml into /tmp/ on Tue Aug 17 16:22:35 BST 2021
Copied morningcheck into /tmp/ on Tue Aug 17 16:22:39 BST 2021
